Detecting C compiler ABI info failed to compile with the following output:
Change Dir: C:/Dev_minz/demo_project/udp_server/build/CMakeFiles/CMakeTmp

Run Build Command(s):C:/Users/tminh/.espressif/tools/ninja/1.11.1/ninja.exe cmTC_44bd2 && ninja: error: unknown target 'cmTC_44bd2'




Determining if the C compiler works failed with the following output:
Change Dir: C:/Dev_minz/demo_project/udp_server/build/CMakeFiles/CMakeTmp

Run Build Command(s):C:/Users/tminh/.espressif/tools/ninja/1.11.1/ninja.exe cmTC_43ce2 && [1/2] Building C object CMakeFiles/cmTC_43ce2.dir/testCCompiler.c.obj
[2/2] Linking C executable cmTC_43ce2
FAILED: cmTC_43ce2 
cmd.exe /C "cd . && C:\Users\tminh\.espressif\tools\xtensa-esp-elf\esp-13.2.0_20230928\xtensa-esp-elf\bin\xtensa-esp32s3-elf-gcc.exe -mlongcalls  -fno-builtin-memcpy -fno-builtin-memset -fno-builtin-bzero -fno-builtin-stpcpy -fno-builtin-strncpy  CMakeFiles/cmTC_43ce2.dir/testCCompiler.c.obj -o cmTC_43ce2   && cd ."
C:/Users/tminh/.espressif/tools/xtensa-esp-elf/esp-13.2.0_20230928/xtensa-esp-elf/bin/../lib/gcc/xtensa-esp-elf/13.2.0/../../../../xtensa-esp-elf/bin/ld.exe: cannot find CMakeFiles/cmTC_43ce2.dir/testCCompiler.c.obj: No such file or directory
collect2.exe: error: ld returned 1 exit status
ninja: build stopped: subcommand failed.



